# JRE version: Java(TM) SE Runtime Environment (9.0+181) (build 9+181)
# Java VM: Java HotSpot(TM) 64-Bit Server VM (9+181, mixed mode, tiered, compressed oops, g1 gc, windows-amd64)
Heap:
 garbage-first heap   total 131072K, used 63575K [0x0000000080400000, 0x0000000080500400, 0x0000000100000000)
  region size 1024K, 53 young (54272K), 4 survivors (4096K)
 Metaspace       used 20627K, capacity 21090K, committed 21296K, reserved 1069056K
  class space    used 2235K, capacity 2381K, committed 2432K, reserved 1048576K
GC Heap History (9 events):
Event: 0.876 GC heap before
{Heap before GC invocations=0 (full 0):
 garbage-first heap   total 131072K, used 14336K [0x0000000080400000, 0x0000000080500400, 0x0000000100000000)
  region size 1024K, 14 young (14336K), 0 survivors (0K)
 Metaspace       used 10097K, capacity 10380K, committed 10624K, reserved 1058816K
  class space    used 955K, capacity 1038K, committed 1152K, reserved 1048576K
}
Event: 0.884 GC heap after
{Heap after GC invocations=1 (full 0):
 garbage-first heap   total 131072K, used 4506K [0x0000000080400000, 0x0000000080500400, 0x0000000100000000)
  region size 1024K, 2 young (2048K), 2 survivors (2048K)
 Metaspace       used 10097K, capacity 10380K, committed 10624K, reserved 1058816K
  class space    used 955K, capacity 1038K, committed 1152K, reserved 1048576K
}
Event: 1.096 GC heap before
{Heap before GC invocations=1 (full 0):
 garbage-first heap   total 131072K, used 10650K [0x0000000080400000, 0x0000000080500400, 0x0000000100000000)
  region size 1024K, 8 young (8192K), 2 survivors (2048K)
 Metaspace       used 11728K, capacity 12004K, committed 12288K, reserved 1060864K
  class space    used 1189K, capacity 1278K, committed 1280K, reserved 1048576K
}
Event: 1.102 GC heap after
{Heap after GC invocations=2 (full 0):
 garbage-first heap   total 131072K, used 5989K [0x0000000080400000, 0x0000000080500400, 0x0000000100000000)
  region size 1024K, 1 young (1024K), 1 survivors (1024K)
 Metaspace       used 11728K, capacity 12004K, committed 12288K, reserved 1060864K
  class space    used 1189K, capacity 1278K, committed 1280K, reserved 1048576K
}
Event: 1.611 GC heap before
{Heap before GC invocations=2 (full 0):
 garbage-first heap   total 131072K, used 26469K [0x0000000080400000, 0x0000000080500400, 0x0000000100000000)
  region size 1024K, 21 young (21504K), 1 survivors (1024K)
 Metaspace       used 13349K, capacity 13614K, committed 13824K, reserved 1060864K
  class space    used 1389K, capacity 1471K, committed 1536K, reserved 1048576K
}
Event: 1.615 GC heap after
{Heap after GC invocations=3 (full 0):
 garbage-first heap   total 131072K, used 7556K [0x0000000080400000, 0x0000000080500400, 0x0000000100000000)
  region size 1024K, 3 young (3072K), 3 survivors (3072K)
 Metaspace       used 13349K, capacity 13614K, committed 13824K, reserved 1060864K
  class space    used 1389K, capacity 1471K, committed 1536K, reserved 1048576K
}
Event: 3.018 GC heap before
{Heap before GC invocations=3 (full 0):
 garbage-first heap   total 131072K, used 55684K [0x0000000080400000, 0x0000000080500400, 0x0000000100000000)
  region size 1024K, 50 young (51200K), 3 survivors (3072K)
 Metaspace       used 19460K, capacity 19808K, committed 20224K, reserved 1067008K
  class space    used 2118K, capacity 2238K, committed 2304K, reserved 1048576K
}
Event: 3.038 GC heap after
{Heap after GC invocations=4 (full 0):
 garbage-first heap   total 131072K, used 13399K [0x0000000080400000, 0x0000000080500400, 0x0000000100000000)
  region size 1024K, 7 young (7168K), 7 survivors (7168K)
 Metaspace       used 19460K, capacity 19808K, committed 20224K, reserved 1067008K
  class space    used 2118K, capacity 2238K, committed 2304K, reserved 1048576K
}
Event: 4.445 GC heap before
{Heap before GC invocations=4 (full 0):
 garbage-first heap   total 131072K, used 62551K [0x0000000080400000, 0x0000000080500400, 0x0000000100000000)
  region size 1024K, 56 young (57344K), 7 survivors (7168K)
 Metaspace       used 20627K, capacity 21090K, committed 21296K, reserved 1069056K
  class space    used 2235K, capacity 2381K, committed 2432K, reserved 1048576K
}

