<?xml version="1.0" encoding="UTF-8" ?>
<testsuite tests="3" failures="0" name="me.wisehands.workinghours.WorkingTest" time="0.233" errors="0" skipped="0">
  <properties>
[...]
</properties>
  <testcase classname="me.wisehands.workinghours.WorkingTest" name="timeIsBeforeOutWorkingHours" time="0.217"/>
  <testcase classname="me.wisehands.workinghours.WorkingTest" name="timeIsOutWorkingHours" time="0.016"/>
  <testcase classname="me.wisehands.workinghours.WorkingTest" name="timeIsInWorkingHours" time="0"/>
</testsuite>